\BOOKMARK [1][-]{section.1}{\376\377\137\025\212\000}{}% 1
\BOOKMARK [2][-]{subsection.1.1}{\376\377\230\171\166\356\200\314\146\157}{section.1}% 2
\BOOKMARK [2][-]{subsection.1.2}{\376\377\225\356\230\230\143\317\217\360}{section.1}% 3
\BOOKMARK [2][-]{subsection.1.3}{\376\377\145\160\143\156\226\306\116\313\176\315}{section.1}% 4
\BOOKMARK [1][-]{section.2}{\376\377\145\160\143\156\122\006\147\220}{}% 5
\BOOKMARK [1][-]{section.3}{\376\377\145\160\143\156\230\204\131\004\164\006}{}% 6
\BOOKMARK [2][-]{subsection.3.1}{\376\377\162\171\137\201\124\010\136\166}{section.3}% 7
\BOOKMARK [2][-]{subsection.3.2}{\376\377\123\273\226\144\137\002\136\070\120\074}{section.3}% 8
\BOOKMARK [2][-]{subsection.3.3}{\376\377\137\045\210\145\177\072\131\061\120\074}{section.3}% 9
\BOOKMARK [3][-]{subsubsection.3.3.1}{\376\377\173\200\123\125\210\145\226\366}{subsection.3.3}% 10
\BOOKMARK [3][-]{subsubsection.3.3.2}{\376\377\142\311\150\074\147\027\145\345\143\322\120\074}{subsection.3.3}% 11
\BOOKMARK [3][-]{subsubsection.3.3.3}{\376\377\226\217\147\072\150\356\147\227}{subsection.3.3}% 12
\BOOKMARK [3][-]{subsubsection.3.3.4}{\376\377\217\154\143\142\116\072\166\321\167\143\133\146\116\140\225\356\230\230}{subsection.3.3}% 13
\BOOKMARK [1][-]{section.4}{\376\377\152\041\127\213\144\055\136\372}{}% 14
\BOOKMARK [2][-]{subsection.4.1}{\376\377\147\000\134\017\116\214\126\336\137\122\000\050\000O\000L\000S\000\051}{section.4}% 15
\BOOKMARK [2][-]{subsection.4.2}{\376\377\120\117\147\000\134\017\116\214\116\130\126\336\137\122\000\050\000P\000L\000S\000\051}{section.4}% 16
\BOOKMARK [2][-]{subsection.4.3}{\376\377\131\032\121\103\176\277\140\047\126\336\137\122}{section.4}% 17
\BOOKMARK [2][-]{subsection.4.4}{\376\377\220\073\217\221\126\336\137\122}{section.4}% 18
\BOOKMARK [2][-]{subsection.4.5}{\376\377\145\057\143\001\124\021\221\317\126\336\137\122\000\050\000S\000V\000R\000\051}{section.4}% 19
\BOOKMARK [2][-]{subsection.4.6}{\376\377\226\217\147\072\150\356\147\227}{section.4}% 20
\BOOKMARK [2][-]{subsection.4.7}{\376\377\000B\000P\171\136\176\317\177\121\176\334}{section.4}% 21
\BOOKMARK [3][-]{subsubsection.4.7.1}{\376\377\173\227\154\325\116\313\176\315}{subsection.4.7}% 22
\BOOKMARK [3][-]{subsubsection.4.7.2}{\376\377\152\041\127\213\144\055\136\372}{subsection.4.7}% 23
\BOOKMARK [3][-]{subsubsection.4.7.3}{\376\377\145\071\217\333\145\271\124\021}{subsection.4.7}% 24
\BOOKMARK [2][-]{subsection.4.8}{\376\377\155\361\136\246\171\136\176\317\177\121\176\334\000\050\000D\000N\000N\000\051}{section.4}% 25
\BOOKMARK [3][-]{subsubsection.4.8.1}{\376\377\145\160\143\156\230\204\131\004\164\006}{subsection.4.8}% 26
\BOOKMARK [3][-]{subsubsection.4.8.2}{\376\377\152\041\127\213\144\055\136\372}{subsection.4.8}% 27
\BOOKMARK [3][-]{subsubsection.4.8.3}{\376\377\152\041\127\213\213\255\176\303}{subsection.4.8}% 28
\BOOKMARK [3][-]{subsubsection.4.8.4}{\376\377\152\041\127\213\213\304\117\060}{subsection.4.8}% 29
\BOOKMARK [2][-]{subsection.4.9}{\376\377\123\167\171\357\171\136\176\317\177\121\176\334\000\050\000C\000N\000N\000\051}{section.4}% 30
\BOOKMARK [3][-]{subsubsection.4.9.1}{\376\377\145\160\143\156\230\204\131\004\164\006}{subsection.4.9}% 31
\BOOKMARK [3][-]{subsubsection.4.9.2}{\376\377\152\041\127\213\144\055\136\372}{subsection.4.9}% 32
\BOOKMARK [3][-]{subsubsection.4.9.3}{\376\377\152\041\127\213\213\255\176\303}{subsection.4.9}% 33
\BOOKMARK [3][-]{subsubsection.4.9.4}{\376\377\152\041\127\213\213\304\117\060}{subsection.4.9}% 34
\BOOKMARK [2][-]{subsection.4.10}{\376\377\123\167\171\357\201\352\177\026\170\001\126\150\000\050\000C\000A\000E\000\051}{section.4}% 35
\BOOKMARK [3][-]{subsubsection.4.10.1}{\376\377\213\276\213\241\122\035\210\167}{subsection.4.10}% 36
\BOOKMARK [3][-]{subsubsection.4.10.2}{\376\377\152\041\127\213\144\055\136\372}{subsection.4.10}% 37
\BOOKMARK [3][-]{subsubsection.4.10.3}{\376\377\152\041\127\213\122\006\147\220}{subsection.4.10}% 38
\BOOKMARK [2][-]{subsection.4.11}{\376\377\137\072\123\026\133\146\116\140\000\050\000R\000L\000\051}{section.4}% 39
\BOOKMARK [2][-]{subsection.4.12}{\376\377\137\252\163\257\171\136\176\317\177\121\176\334\000\050\000R\000N\000N\000\051\116\016\000L\000S\000T\000M}{section.4}% 40
\BOOKMARK [3][-]{subsubsection.4.12.1}{\376\377\152\041\127\213\116\313\176\315}{subsection.4.12}% 41
\BOOKMARK [3][-]{subsubsection.4.12.2}{\376\377\217\355\116\343\000L\000S\000T\000M}{subsection.4.12}% 42
\BOOKMARK [1][-]{section.5}{\376\377\134\017\176\304\122\006\135\345\116\016\141\037\140\363}{}% 43
\BOOKMARK [2][-]{subsection.5.1}{\376\377\122\006\135\345}{section.5}% 44
\BOOKMARK [3][-]{subsubsection.5.1.1}{\376\377\163\213\133\120\227\136}{subsection.5.1}% 45
\BOOKMARK [3][-]{subsubsection.5.1.2}{\376\377\122\030\123\357\117\163}{subsection.5.1}% 46
\BOOKMARK [3][-]{subsubsection.5.1.3}{\376\377\147\116\155\151\116\034}{subsection.5.1}% 47
\BOOKMARK [2][-]{subsection.5.2}{\376\377\141\037\140\363}{section.5}% 48
\BOOKMARK [3][-]{subsubsection.5.2.1}{\376\377\163\213\133\120\227\136}{subsection.5.2}% 49
\BOOKMARK [3][-]{subsubsection.5.2.2}{\376\377\122\030\123\357\117\163}{subsection.5.2}% 50
\BOOKMARK [3][-]{subsubsection.5.2.3}{\376\377\147\116\155\151\116\034}{subsection.5.2}% 51
\BOOKMARK [1][-]{section.6}{\376\377\000A\000P\000P\000E\000N\000D\000I\000X\000:\000\040\000S\000o\000u\000r\000c\000e\000\040\000C\000o\000d\000e}{}% 52
